<?xml version="1.0" encoding="UTF-8"?>
<testng-results skipped="0" failed="0" total="0" passed="0">
  <reporter-output>
  </reporter-output>
  <suite name="foo.AppTest" duration-ms="22" started-at="2015-10-12T10:08:54Z" finished-at="2015-10-12T10:08:54Z">
    <groups>
    </groups>
    <test name="Command line test" duration-ms="22" started-at="2015-10-12T10:08:54Z" finished-at="2015-10-12T10:08:54Z">
    </test> <!-- Command line test -->
  </suite> <!-- foo.AppTest -->
</testng-results>
