<?xml version="1.0" encoding="UTF-8"?>
<!-- Generated by org.testng.reporters.JUnitXMLReporter -->
<testsuite hostname="PBW181013" name="Default test" tests="3" failures="0" timestamp="12 Oct 2015 15:39:40 GMT" time="17.301" errors="0">
  <testcase name="checkThatAtLeastOneMoveDisplayedIfUsingSortBySelectorAndAscendDescendControl" time="0.972" classname="com.imdb.tests.ui.ChartTopNg"/>
  <testcase name="checkThatAtLeastOneMoveDisplayedWhenChangingSortBySelector" time="4.329" classname="com.imdb.tests.ui.ChartTopNg"/>
  <testcase name="checkThatAtLeastOneMovieWhenClickingTopMovies" time="3.011" classname="com.imdb.tests.ui.ChartTopNg"/>
</testsuite> <!-- Default test -->
